
The following have been reloaded with a version change:
  1) GCC/4.8.4 => GCC/9.3.0

--2023-08-19 19:03:15--  http://lavis.cs.hs-rm.de/storage/spert/public/datasets/conll04/
Resolving lavis.cs.hs-rm.de (lavis.cs.hs-rm.de)... 195.72.96.43
Connecting to lavis.cs.hs-rm.de (lavis.cs.hs-rm.de)|195.72.96.43|:80... connected.
HTTP request sent, awaiting response... 200 OK
Length: 2168 (2.1K) [text/html]
Saving to: ‘/hits/basement/sdbv/mobashgr/spert/scripts/data/datasets/conll04/index.html’

     0K ..                                                    100%  168M=0s

2023-08-19 19:03:15 (168 MB/s) - ‘/hits/basement/sdbv/mobashgr/spert/scripts/data/datasets/conll04/index.html’ saved [2168/2168]

Loading robots.txt; please ignore errors.
--2023-08-19 19:03:15--  http://lavis.cs.hs-rm.de/robots.txt
Reusing existing connection to lavis.cs.hs-rm.de:80.
HTTP request sent, awaiting response... 404 Not Found
2023-08-19 19:03:15 ERROR 404: Not Found.

Removing /hits/basement/sdbv/mobashgr/spert/scripts/data/datasets/conll04/index.html since it should be rejected.

--2023-08-19 19:03:15--  http://lavis.cs.hs-rm.de/storage/spert/public/datasets/conll04/?C=N;O=D
Reusing existing connection to lavis.cs.hs-rm.de:80.
HTTP request sent, awaiting response... 200 OK
Length: 2168 (2.1K) [text/html]
Saving to: ‘/hits/basement/sdbv/mobashgr/spert/scripts/data/datasets/conll04/index.html?C=N;O=D’

     0K ..                                                    100%  127M=0s

2023-08-19 19:03:15 (127 MB/s) - ‘/hits/basement/sdbv/mobashgr/spert/scripts/data/datasets/conll04/index.html?C=N;O=D’ saved [2168/2168]

Removing /hits/basement/sdbv/mobashgr/spert/scripts/data/datasets/conll04/index.html?C=N;O=D since it should be rejected.

--2023-08-19 19:03:15--  http://lavis.cs.hs-rm.de/storage/spert/public/datasets/conll04/?C=M;O=A
Reusing existing connection to lavis.cs.hs-rm.de:80.
HTTP request sent, awaiting response... 200 OK
Length: 2168 (2.1K) [text/html]
Saving to: ‘/hits/basement/sdbv/mobashgr/spert/scripts/data/datasets/conll04/index.html?C=M;O=A’

     0K ..                                                    100%  167M=0s

2023-08-19 19:03:15 (167 MB/s) - ‘/hits/basement/sdbv/mobashgr/spert/scripts/data/datasets/conll04/index.html?C=M;O=A’ saved [2168/2168]

Removing /hits/basement/sdbv/mobashgr/spert/scripts/data/datasets/conll04/index.html?C=M;O=A since it should be rejected.

--2023-08-19 19:03:15--  http://lavis.cs.hs-rm.de/storage/spert/public/datasets/conll04/?C=S;O=A
Reusing existing connection to lavis.cs.hs-rm.de:80.
HTTP request sent, awaiting response... 200 OK
Length: 2168 (2.1K) [text/html]
Saving to: ‘/hits/basement/sdbv/mobashgr/spert/scripts/data/datasets/conll04/index.html?C=S;O=A’

     0K ..                                                    100%  172M=0s

2023-08-19 19:03:15 (172 MB/s) - ‘/hits/basement/sdbv/mobashgr/spert/scripts/data/datasets/conll04/index.html?C=S;O=A’ saved [2168/2168]

Removing /hits/basement/sdbv/mobashgr/spert/scripts/data/datasets/conll04/index.html?C=S;O=A since it should be rejected.

--2023-08-19 19:03:15--  http://lavis.cs.hs-rm.de/storage/spert/public/datasets/conll04/?C=D;O=A
Reusing existing connection to lavis.cs.hs-rm.de:80.
HTTP request sent, awaiting response... 200 OK
Length: 2168 (2.1K) [text/html]
Saving to: ‘/hits/basement/sdbv/mobashgr/spert/scripts/data/datasets/conll04/index.html?C=D;O=A’

     0K ..                                                    100%  169M=0s

2023-08-19 19:03:15 (169 MB/s) - ‘/hits/basement/sdbv/mobashgr/spert/scripts/data/datasets/conll04/index.html?C=D;O=A’ saved [2168/2168]

Removing /hits/basement/sdbv/mobashgr/spert/scripts/data/datasets/conll04/index.html?C=D;O=A since it should be rejected.

--2023-08-19 19:03:15--  http://lavis.cs.hs-rm.de/storage/spert/public/datasets/conll04/conll04_dev.json
Reusing existing connection to lavis.cs.hs-rm.de:80.
HTTP request sent, awaiting response... 200 OK
Length: 124823 (122K) [application/json]
Saving to: ‘/hits/basement/sdbv/mobashgr/spert/scripts/data/datasets/conll04/conll04_dev.json’

     0K .......... .......... .......... .......... .......... 41% 3.08M 0s
    50K .......... .......... .......... .......... .......... 82% 5.96M 0s
   100K .......... .......... .                               100% 86.3M=0.02s

2023-08-19 19:03:15 (4.90 MB/s) - ‘/hits/basement/sdbv/mobashgr/spert/scripts/data/datasets/conll04/conll04_dev.json’ saved [124823/124823]

--2023-08-19 19:03:15--  http://lavis.cs.hs-rm.de/storage/spert/public/datasets/conll04/conll04_prediction_example.json
Reusing existing connection to lavis.cs.hs-rm.de:80.
HTTP request sent, awaiting response... 200 OK
Length: 473 [application/json]
Saving to: ‘/hits/basement/sdbv/mobashgr/spert/scripts/data/datasets/conll04/conll04_prediction_example.json’

     0K                                                       100% 42.7M=0s

2023-08-19 19:03:15 (42.7 MB/s) - ‘/hits/basement/sdbv/mobashgr/spert/scripts/data/datasets/conll04/conll04_prediction_example.json’ saved [473/473]

--2023-08-19 19:03:15--  http://lavis.cs.hs-rm.de/storage/spert/public/datasets/conll04/conll04_test.json
Reusing existing connection to lavis.cs.hs-rm.de:80.
HTTP request sent, awaiting response... 200 OK
Length: 151092 (148K) [application/json]
Saving to: ‘/hits/basement/sdbv/mobashgr/spert/scripts/data/datasets/conll04/conll04_test.json’

     0K .......... .......... .......... .......... .......... 33%  128M 0s
    50K .......... .......... .......... .......... .......... 67%  359M 0s
   100K .......... .......... .......... .......... .......   100% 6.31M=0.008s

2023-08-19 19:03:15 (18.3 MB/s) - ‘/hits/basement/sdbv/mobashgr/spert/scripts/data/datasets/conll04/conll04_test.json’ saved [151092/151092]

--2023-08-19 19:03:16--  http://lavis.cs.hs-rm.de/storage/spert/public/datasets/conll04/conll04_train.json
Reusing existing connection to lavis.cs.hs-rm.de:80.
HTTP request sent, awaiting response... 200 OK
Length: 474194 (463K) [application/json]
Saving to: ‘/hits/basement/sdbv/mobashgr/spert/scripts/data/datasets/conll04/conll04_train.json’

     0K .......... .......... .......... .......... .......... 10% 95.8M 0s
    50K .......... .......... .......... .......... .......... 21%  261M 0s
   100K .......... .......... .......... .......... .......... 32%  274M 0s
   150K .......... .......... .......... .......... .......... 43%  281M 0s
   200K .......... .......... .......... .......... .......... 53%  118M 0s
   250K .......... .......... .......... .......... .......... 64% 7.62M 0s
   300K .......... .......... .......... .......... .......... 75%  133M 0s
   350K .......... .......... .......... .......... .......... 86%  100M 0s
   400K .......... .......... .......... .......... .......... 97% 99.1M 0s
   450K .......... ...                                        100%  358M=0.009s

2023-08-19 19:03:16 (48.9 MB/s) - ‘/hits/basement/sdbv/mobashgr/spert/scripts/data/datasets/conll04/conll04_train.json’ saved [474194/474194]

--2023-08-19 19:03:16--  http://lavis.cs.hs-rm.de/storage/spert/public/datasets/conll04/conll04_train_dev.json
Reusing existing connection to lavis.cs.hs-rm.de:80.
HTTP request sent, awaiting response... 200 OK
Length: 599017 (585K) [application/json]
Saving to: ‘/hits/basement/sdbv/mobashgr/spert/scripts/data/datasets/conll04/conll04_train_dev.json’

     0K .......... .......... .......... .......... ..........  8%  106M 0s
    50K .......... .......... .......... .......... .......... 17%  311M 0s
   100K .......... .......... .......... .......... .......... 25%  264M 0s
   150K .......... .......... .......... .......... .......... 34%  123M 0s
   200K .......... .......... .......... .......... .......... 42%  117M 0s
   250K .......... .......... .......... .......... .......... 51%  107M 0s
   300K .......... .......... .......... .......... .......... 59%  120M 0s
   350K .......... .......... .......... .......... .......... 68%  100M 0s
   400K .......... .......... .......... .......... .......... 76%  123M 0s
   450K .......... .......... .......... .......... .......... 85% 97.4M 0s
   500K .......... .......... .......... .......... .......... 94% 52.0M 0s
   550K .......... .......... .......... ....                 100%  332M=0.005s

2023-08-19 19:03:16 (116 MB/s) - ‘/hits/basement/sdbv/mobashgr/spert/scripts/data/datasets/conll04/conll04_train_dev.json’ saved [599017/599017]

--2023-08-19 19:03:16--  http://lavis.cs.hs-rm.de/storage/spert/public/datasets/conll04/conll04_types.json
Reusing existing connection to lavis.cs.hs-rm.de:80.
HTTP request sent, awaiting response... 200 OK
Length: 609 [application/json]
Saving to: ‘/hits/basement/sdbv/mobashgr/spert/scripts/data/datasets/conll04/conll04_types.json’

     0K                                                       100% 51.5M=0s

2023-08-19 19:03:16 (51.5 MB/s) - ‘/hits/basement/sdbv/mobashgr/spert/scripts/data/datasets/conll04/conll04_types.json’ saved [609/609]

--2023-08-19 19:03:16--  http://lavis.cs.hs-rm.de/storage/spert/public/datasets/conll04/?C=N;O=A
Reusing existing connection to lavis.cs.hs-rm.de:80.
HTTP request sent, awaiting response... 200 OK
Length: 2168 (2.1K) [text/html]
Saving to: ‘/hits/basement/sdbv/mobashgr/spert/scripts/data/datasets/conll04/index.html?C=N;O=A’

     0K ..                                                    100%  174M=0s

2023-08-19 19:03:16 (174 MB/s) - ‘/hits/basement/sdbv/mobashgr/spert/scripts/data/datasets/conll04/index.html?C=N;O=A’ saved [2168/2168]

Removing /hits/basement/sdbv/mobashgr/spert/scripts/data/datasets/conll04/index.html?C=N;O=A since it should be rejected.

--2023-08-19 19:03:16--  http://lavis.cs.hs-rm.de/storage/spert/public/datasets/conll04/?C=M;O=D
Reusing existing connection to lavis.cs.hs-rm.de:80.
HTTP request sent, awaiting response... 200 OK
Length: 2168 (2.1K) [text/html]
Saving to: ‘/hits/basement/sdbv/mobashgr/spert/scripts/data/datasets/conll04/index.html?C=M;O=D’

     0K ..                                                    100%  172M=0s

2023-08-19 19:03:16 (172 MB/s) - ‘/hits/basement/sdbv/mobashgr/spert/scripts/data/datasets/conll04/index.html?C=M;O=D’ saved [2168/2168]

Removing /hits/basement/sdbv/mobashgr/spert/scripts/data/datasets/conll04/index.html?C=M;O=D since it should be rejected.

--2023-08-19 19:03:16--  http://lavis.cs.hs-rm.de/storage/spert/public/datasets/conll04/?C=S;O=D
Reusing existing connection to lavis.cs.hs-rm.de:80.
HTTP request sent, awaiting response... 200 OK
Length: 2168 (2.1K) [text/html]
Saving to: ‘/hits/basement/sdbv/mobashgr/spert/scripts/data/datasets/conll04/index.html?C=S;O=D’

     0K ..                                                    100%  170M=0s

2023-08-19 19:03:16 (170 MB/s) - ‘/hits/basement/sdbv/mobashgr/spert/scripts/data/datasets/conll04/index.html?C=S;O=D’ saved [2168/2168]

Removing /hits/basement/sdbv/mobashgr/spert/scripts/data/datasets/conll04/index.html?C=S;O=D since it should be rejected.

--2023-08-19 19:03:16--  http://lavis.cs.hs-rm.de/storage/spert/public/datasets/conll04/?C=D;O=D
Reusing existing connection to lavis.cs.hs-rm.de:80.
HTTP request sent, awaiting response... 200 OK
Length: 2168 (2.1K) [text/html]
Saving to: ‘/hits/basement/sdbv/mobashgr/spert/scripts/data/datasets/conll04/index.html?C=D;O=D’

     0K ..                                                    100%  152M=0s

2023-08-19 19:03:16 (152 MB/s) - ‘/hits/basement/sdbv/mobashgr/spert/scripts/data/datasets/conll04/index.html?C=D;O=D’ saved [2168/2168]

Removing /hits/basement/sdbv/mobashgr/spert/scripts/data/datasets/conll04/index.html?C=D;O=D since it should be rejected.

FINISHED --2023-08-19 19:03:16--
Total wall clock time: 1.0s
Downloaded: 15 files, 1.3M in 0.05s (28.1 MB/s)
--2023-08-19 19:03:16--  http://lavis.cs.hs-rm.de/storage/spert/public/datasets/scierc/
Resolving lavis.cs.hs-rm.de (lavis.cs.hs-rm.de)... 195.72.96.43
Connecting to lavis.cs.hs-rm.de (lavis.cs.hs-rm.de)|195.72.96.43|:80... connected.
HTTP request sent, awaiting response... 200 OK
Length: 1913 (1.9K) [text/html]
Saving to: ‘/hits/basement/sdbv/mobashgr/spert/scripts/data/datasets/scierc/index.html’

     0K .                                                     100%  133M=0s

2023-08-19 19:03:16 (133 MB/s) - ‘/hits/basement/sdbv/mobashgr/spert/scripts/data/datasets/scierc/index.html’ saved [1913/1913]

Loading robots.txt; please ignore errors.
--2023-08-19 19:03:16--  http://lavis.cs.hs-rm.de/robots.txt
Reusing existing connection to lavis.cs.hs-rm.de:80.
HTTP request sent, awaiting response... 404 Not Found
2023-08-19 19:03:16 ERROR 404: Not Found.

Removing /hits/basement/sdbv/mobashgr/spert/scripts/data/datasets/scierc/index.html since it should be rejected.

--2023-08-19 19:03:16--  http://lavis.cs.hs-rm.de/storage/spert/public/datasets/scierc/?C=N;O=D
Reusing existing connection to lavis.cs.hs-rm.de:80.
HTTP request sent, awaiting response... 200 OK
Length: 1913 (1.9K) [text/html]
Saving to: ‘/hits/basement/sdbv/mobashgr/spert/scripts/data/datasets/scierc/index.html?C=N;O=D’

     0K .                                                     100%  152M=0s

2023-08-19 19:03:16 (152 MB/s) - ‘/hits/basement/sdbv/mobashgr/spert/scripts/data/datasets/scierc/index.html?C=N;O=D’ saved [1913/1913]

Removing /hits/basement/sdbv/mobashgr/spert/scripts/data/datasets/scierc/index.html?C=N;O=D since it should be rejected.

--2023-08-19 19:03:16--  http://lavis.cs.hs-rm.de/storage/spert/public/datasets/scierc/?C=M;O=A
Reusing existing connection to lavis.cs.hs-rm.de:80.
HTTP request sent, awaiting response... 200 OK
Length: 1913 (1.9K) [text/html]
Saving to: ‘/hits/basement/sdbv/mobashgr/spert/scripts/data/datasets/scierc/index.html?C=M;O=A’

     0K .                                                     100%  149M=0s

2023-08-19 19:03:16 (149 MB/s) - ‘/hits/basement/sdbv/mobashgr/spert/scripts/data/datasets/scierc/index.html?C=M;O=A’ saved [1913/1913]

Removing /hits/basement/sdbv/mobashgr/spert/scripts/data/datasets/scierc/index.html?C=M;O=A since it should be rejected.

--2023-08-19 19:03:16--  http://lavis.cs.hs-rm.de/storage/spert/public/datasets/scierc/?C=S;O=A
Reusing existing connection to lavis.cs.hs-rm.de:80.
HTTP request sent, awaiting response... 200 OK
Length: 1913 (1.9K) [text/html]
Saving to: ‘/hits/basement/sdbv/mobashgr/spert/scripts/data/datasets/scierc/index.html?C=S;O=A’

     0K .                                                     100% 88.5M=0s

2023-08-19 19:03:16 (88.5 MB/s) - ‘/hits/basement/sdbv/mobashgr/spert/scripts/data/datasets/scierc/index.html?C=S;O=A’ saved [1913/1913]

Removing /hits/basement/sdbv/mobashgr/spert/scripts/data/datasets/scierc/index.html?C=S;O=A since it should be rejected.

--2023-08-19 19:03:16--  http://lavis.cs.hs-rm.de/storage/spert/public/datasets/scierc/?C=D;O=A
Reusing existing connection to lavis.cs.hs-rm.de:80.
HTTP request sent, awaiting response... 200 OK
Length: 1913 (1.9K) [text/html]
Saving to: ‘/hits/basement/sdbv/mobashgr/spert/scripts/data/datasets/scierc/index.html?C=D;O=A’

     0K .                                                     100%  155M=0s

2023-08-19 19:03:16 (155 MB/s) - ‘/hits/basement/sdbv/mobashgr/spert/scripts/data/datasets/scierc/index.html?C=D;O=A’ saved [1913/1913]

Removing /hits/basement/sdbv/mobashgr/spert/scripts/data/datasets/scierc/index.html?C=D;O=A since it should be rejected.

--2023-08-19 19:03:16--  http://lavis.cs.hs-rm.de/storage/spert/public/datasets/scierc/scierc_dev.json
Reusing existing connection to lavis.cs.hs-rm.de:80.
HTTP request sent, awaiting response... 200 OK
Length: 144713 (141K) [application/json]
Saving to: ‘/hits/basement/sdbv/mobashgr/spert/scripts/data/datasets/scierc/scierc_dev.json’

     0K .......... .......... .......... .......... .......... 35% 2.79M 0s
    50K .......... .......... .......... .......... .......... 70% 5.32M 0s
   100K .......... .......... .......... .......... .         100%  104M=0.03s

2023-08-19 19:03:16 (5.09 MB/s) - ‘/hits/basement/sdbv/mobashgr/spert/scripts/data/datasets/scierc/scierc_dev.json’ saved [144713/144713]

--2023-08-19 19:03:16--  http://lavis.cs.hs-rm.de/storage/spert/public/datasets/scierc/scierc_test.json
Reusing existing connection to lavis.cs.hs-rm.de:80.
HTTP request sent, awaiting response... 200 OK
Length: 298943 (292K) [application/json]
Saving to: ‘/hits/basement/sdbv/mobashgr/spert/scripts/data/datasets/scierc/scierc_test.json’

     0K .......... .......... .......... .......... .......... 17%  149M 0s
    50K .......... .......... .......... .......... .......... 34%  298M 0s
   100K .......... .......... .......... .......... .......... 51% 6.16M 0s
   150K .......... .......... .......... .......... .......... 68%  105M 0s
   200K .......... .......... .......... .......... .......... 85% 83.4M 0s
   250K .......... .......... .......... .......... .         100%  114M=0.01s

2023-08-19 19:03:16 (29.0 MB/s) - ‘/hits/basement/sdbv/mobashgr/spert/scripts/data/datasets/scierc/scierc_test.json’ saved [298943/298943]

--2023-08-19 19:03:16--  http://lavis.cs.hs-rm.de/storage/spert/public/datasets/scierc/scierc_train.json
Reusing existing connection to lavis.cs.hs-rm.de:80.
HTTP request sent, awaiting response... 200 OK
Length: 1002473 (979K) [application/json]
Saving to: ‘/hits/basement/sdbv/mobashgr/spert/scripts/data/datasets/scierc/scierc_train.json’

     0K .......... .......... .......... .......... ..........  5%  101M 0s
    50K .......... .......... .......... .......... .......... 10%  279M 0s
   100K .......... .......... .......... .......... .......... 15%  322M 0s
   150K .......... .......... .......... .......... .......... 20%  135M 0s
   200K .......... .......... .......... .......... .......... 25%  123M 0s
   250K .......... .......... .......... .......... .......... 30%  103M 0s
   300K .......... .......... .......... .......... .......... 35%  130M 0s
   350K .......... .......... .......... .......... .......... 40%  105M 0s
   400K .......... .......... .......... .......... .......... 45% 8.25M 0s
   450K .......... .......... .......... .......... .......... 51%  122M 0s
   500K .......... .......... .......... .......... .......... 56% 56.7M 0s
   550K .......... .......... .......... .......... .......... 61%  355M 0s
   600K .......... .......... .......... .......... .......... 66%  140M 0s
   650K .......... .......... .......... .......... .......... 71%  122M 0s
   700K .......... .......... .......... .......... .......... 76%  124M 0s
   750K .......... .......... .......... .......... .......... 81%  100M 0s
   800K .......... .......... .......... .......... .......... 86%  118M 0s
   850K .......... .......... .......... .......... .......... 91% 99.9M 0s
   900K .......... .......... .......... .......... .......... 97%  126M 0s
   950K .......... .......... ........                        100%  110M=0.01s

2023-08-19 19:03:16 (71.4 MB/s) - ‘/hits/basement/sdbv/mobashgr/spert/scripts/data/datasets/scierc/scierc_train.json’ saved [1002473/1002473]

--2023-08-19 19:03:16--  http://lavis.cs.hs-rm.de/storage/spert/public/datasets/scierc/scierc_train_dev.json
Reusing existing connection to lavis.cs.hs-rm.de:80.
HTTP request sent, awaiting response... 200 OK
Length: 1147186 (1.1M) [application/json]
Saving to: ‘/hits/basement/sdbv/mobashgr/spert/scripts/data/datasets/scierc/scierc_train_dev.json’

     0K .......... .......... .......... .......... ..........  4%  134M 0s
    50K .......... .......... .......... .......... ..........  8%  355M 0s
   100K .......... .......... .......... .......... .......... 13%  393M 0s
   150K .......... .......... .......... .......... .......... 17%  124M 0s
   200K .......... .......... .......... .......... .......... 22%  101M 0s
   250K .......... .......... .......... .......... .......... 26%  112M 0s
   300K .......... .......... .......... .......... .......... 31%  102M 0s
   350K .......... .......... .......... .......... .......... 35%  120M 0s
   400K .......... .......... .......... .......... .......... 40%  127M 0s
   450K .......... .......... .......... .......... .......... 44% 97.3M 0s
   500K .......... .......... .......... .......... .......... 49% 52.6M 0s
   550K .......... .......... .......... .......... .......... 53%  357M 0s
   600K .......... .......... .......... .......... .......... 58%  218M 0s
   650K .......... .......... .......... .......... .......... 62%  107M 0s
   700K .......... .......... .......... .......... .......... 66%  106M 0s
   750K .......... .......... .......... .......... .......... 71%  126M 0s
   800K .......... .......... .......... .......... .......... 75% 98.4M 0s
   850K .......... .......... .......... .......... .......... 80%  120M 0s
   900K .......... .......... .......... .......... .......... 84%  123M 0s
   950K .......... .......... .......... .......... .......... 89% 97.8M 0s
  1000K .......... .......... .......... .......... .......... 93% 55.9M 0s
  1050K .......... .......... .......... .......... .......... 98%  327M 0s
  1100K .......... ..........                                 100%  387M=0.009s

2023-08-19 19:03:17 (119 MB/s) - ‘/hits/basement/sdbv/mobashgr/spert/scripts/data/datasets/scierc/scierc_train_dev.json’ saved [1147186/1147186]

--2023-08-19 19:03:17--  http://lavis.cs.hs-rm.de/storage/spert/public/datasets/scierc/scierc_types.json
Reusing existing connection to lavis.cs.hs-rm.de:80.
HTTP request sent, awaiting response... 200 OK
Length: 942 [application/json]
Saving to: ‘/hits/basement/sdbv/mobashgr/spert/scripts/data/datasets/scierc/scierc_types.json’

     0K                                                       100%  103M=0s

2023-08-19 19:03:17 (103 MB/s) - ‘/hits/basement/sdbv/mobashgr/spert/scripts/data/datasets/scierc/scierc_types.json’ saved [942/942]

--2023-08-19 19:03:17--  http://lavis.cs.hs-rm.de/storage/spert/public/datasets/scierc/?C=N;O=A
Reusing existing connection to lavis.cs.hs-rm.de:80.
HTTP request sent, awaiting response... 200 OK
Length: 1913 (1.9K) [text/html]
Saving to: ‘/hits/basement/sdbv/mobashgr/spert/scripts/data/datasets/scierc/index.html?C=N;O=A’

     0K .                                                     100%  151M=0s

2023-08-19 19:03:17 (151 MB/s) - ‘/hits/basement/sdbv/mobashgr/spert/scripts/data/datasets/scierc/index.html?C=N;O=A’ saved [1913/1913]

Removing /hits/basement/sdbv/mobashgr/spert/scripts/data/datasets/scierc/index.html?C=N;O=A since it should be rejected.

--2023-08-19 19:03:17--  http://lavis.cs.hs-rm.de/storage/spert/public/datasets/scierc/?C=M;O=D
Reusing existing connection to lavis.cs.hs-rm.de:80.
HTTP request sent, awaiting response... 200 OK
Length: 1913 (1.9K) [text/html]
Saving to: ‘/hits/basement/sdbv/mobashgr/spert/scripts/data/datasets/scierc/index.html?C=M;O=D’

     0K .                                                     100%  150M=0s

2023-08-19 19:03:17 (150 MB/s) - ‘/hits/basement/sdbv/mobashgr/spert/scripts/data/datasets/scierc/index.html?C=M;O=D’ saved [1913/1913]

Removing /hits/basement/sdbv/mobashgr/spert/scripts/data/datasets/scierc/index.html?C=M;O=D since it should be rejected.

--2023-08-19 19:03:17--  http://lavis.cs.hs-rm.de/storage/spert/public/datasets/scierc/?C=S;O=D
Reusing existing connection to lavis.cs.hs-rm.de:80.
HTTP request sent, awaiting response... 200 OK
Length: 1913 (1.9K) [text/html]
Saving to: ‘/hits/basement/sdbv/mobashgr/spert/scripts/data/datasets/scierc/index.html?C=S;O=D’

     0K .                                                     100%  149M=0s

2023-08-19 19:03:17 (149 MB/s) - ‘/hits/basement/sdbv/mobashgr/spert/scripts/data/datasets/scierc/index.html?C=S;O=D’ saved [1913/1913]

Removing /hits/basement/sdbv/mobashgr/spert/scripts/data/datasets/scierc/index.html?C=S;O=D since it should be rejected.

--2023-08-19 19:03:17--  http://lavis.cs.hs-rm.de/storage/spert/public/datasets/scierc/?C=D;O=D
Reusing existing connection to lavis.cs.hs-rm.de:80.
HTTP request sent, awaiting response... 200 OK
Length: 1913 (1.9K) [text/html]
Saving to: ‘/hits/basement/sdbv/mobashgr/spert/scripts/data/datasets/scierc/index.html?C=D;O=D’

     0K .                                                     100%  148M=0s

2023-08-19 19:03:17 (148 MB/s) - ‘/hits/basement/sdbv/mobashgr/spert/scripts/data/datasets/scierc/index.html?C=D;O=D’ saved [1913/1913]

Removing /hits/basement/sdbv/mobashgr/spert/scripts/data/datasets/scierc/index.html?C=D;O=D since it should be rejected.

FINISHED --2023-08-19 19:03:17--
Total wall clock time: 0.9s
Downloaded: 14 files, 2.5M in 0.06s (41.8 MB/s)
--2023-08-19 19:03:17--  http://lavis.cs.hs-rm.de/storage/spert/public/datasets/ade/
Resolving lavis.cs.hs-rm.de (lavis.cs.hs-rm.de)... 195.72.96.43
Connecting to lavis.cs.hs-rm.de (lavis.cs.hs-rm.de)|195.72.96.43|:80... connected.
HTTP request sent, awaiting response... 200 OK
Length: 5726 (5.6K) [text/html]
Saving to: ‘/hits/basement/sdbv/mobashgr/spert/scripts/data/datasets/ade/index.html’

     0K .....                                                 100%  205M=0s

2023-08-19 19:03:17 (205 MB/s) - ‘/hits/basement/sdbv/mobashgr/spert/scripts/data/datasets/ade/index.html’ saved [5726/5726]

Loading robots.txt; please ignore errors.
--2023-08-19 19:03:17--  http://lavis.cs.hs-rm.de/robots.txt
Reusing existing connection to lavis.cs.hs-rm.de:80.
HTTP request sent, awaiting response... 404 Not Found
2023-08-19 19:03:17 ERROR 404: Not Found.

Removing /hits/basement/sdbv/mobashgr/spert/scripts/data/datasets/ade/index.html since it should be rejected.

--2023-08-19 19:03:17--  http://lavis.cs.hs-rm.de/storage/spert/public/datasets/ade/?C=N;O=D
Reusing existing connection to lavis.cs.hs-rm.de:80.
HTTP request sent, awaiting response... 200 OK
Length: 5726 (5.6K) [text/html]
Saving to: ‘/hits/basement/sdbv/mobashgr/spert/scripts/data/datasets/ade/index.html?C=N;O=D’

     0K .....                                                 100%  404M=0s

2023-08-19 19:03:17 (404 MB/s) - ‘/hits/basement/sdbv/mobashgr/spert/scripts/data/datasets/ade/index.html?C=N;O=D’ saved [5726/5726]

Removing /hits/basement/sdbv/mobashgr/spert/scripts/data/datasets/ade/index.html?C=N;O=D since it should be rejected.

--2023-08-19 19:03:17--  http://lavis.cs.hs-rm.de/storage/spert/public/datasets/ade/?C=M;O=A
Reusing existing connection to lavis.cs.hs-rm.de:80.
HTTP request sent, awaiting response... 200 OK
Length: 5726 (5.6K) [text/html]
Saving to: ‘/hits/basement/sdbv/mobashgr/spert/scripts/data/datasets/ade/index.html?C=M;O=A’

     0K .....                                                 100%  411M=0s

2023-08-19 19:03:17 (411 MB/s) - ‘/hits/basement/sdbv/mobashgr/spert/scripts/data/datasets/ade/index.html?C=M;O=A’ saved [5726/5726]

Removing /hits/basement/sdbv/mobashgr/spert/scripts/data/datasets/ade/index.html?C=M;O=A since it should be rejected.

--2023-08-19 19:03:17--  http://lavis.cs.hs-rm.de/storage/spert/public/datasets/ade/?C=S;O=A
Reusing existing connection to lavis.cs.hs-rm.de:80.
HTTP request sent, awaiting response... 200 OK
Length: 5726 (5.6K) [text/html]
Saving to: ‘/hits/basement/sdbv/mobashgr/spert/scripts/data/datasets/ade/index.html?C=S;O=A’

     0K .....                                                 100%  400M=0s

2023-08-19 19:03:17 (400 MB/s) - ‘/hits/basement/sdbv/mobashgr/spert/scripts/data/datasets/ade/index.html?C=S;O=A’ saved [5726/5726]

Removing /hits/basement/sdbv/mobashgr/spert/scripts/data/datasets/ade/index.html?C=S;O=A since it should be rejected.

--2023-08-19 19:03:17--  http://lavis.cs.hs-rm.de/storage/spert/public/datasets/ade/?C=D;O=A
Reusing existing connection to lavis.cs.hs-rm.de:80.
HTTP request sent, awaiting response... 200 OK
Length: 5726 (5.6K) [text/html]
Saving to: ‘/hits/basement/sdbv/mobashgr/spert/scripts/data/datasets/ade/index.html?C=D;O=A’

     0K .....                                                 100%  409M=0s

2023-08-19 19:03:18 (409 MB/s) - ‘/hits/basement/sdbv/mobashgr/spert/scripts/data/datasets/ade/index.html?C=D;O=A’ saved [5726/5726]

Removing /hits/basement/sdbv/mobashgr/spert/scripts/data/datasets/ade/index.html?C=D;O=A since it should be rejected.

--2023-08-19 19:03:18--  http://lavis.cs.hs-rm.de/storage/spert/public/datasets/ade/ade_full.json
Reusing existing connection to lavis.cs.hs-rm.de:80.
HTTP request sent, awaiting response... 200 OK
Length: 1953871 (1.9M) [application/json]
Saving to: ‘/hits/basement/sdbv/mobashgr/spert/scripts/data/datasets/ade/ade_full.json’

     0K .......... .......... .......... .......... ..........  2% 2.80M 1s
    50K .......... .......... .......... .......... ..........  5% 5.39M 0s
   100K .......... .......... .......... .......... ..........  7% 99.6M 0s
   150K .......... .......... .......... .......... .......... 10%  122M 0s
   200K .......... .......... .......... .......... .......... 13% 5.76M 0s
   250K .......... .......... .......... .......... .......... 15%  105M 0s
   300K .......... .......... .......... .......... .......... 18%  113M 0s
   350K .......... .......... .......... .......... .......... 20%  115M 0s
   400K .......... .......... .......... .......... .......... 23% 6.24M 0s
   450K .......... .......... .......... .......... .......... 26% 98.7M 0s
   500K .......... .......... .......... .......... .......... 28% 48.5M 0s
   550K .......... .......... .......... .......... .......... 31%  294M 0s
   600K .......... .......... .......... .......... .......... 34%  364M 0s
   650K .......... .......... .......... .......... .......... 36%  109M 0s
   700K .......... .......... .......... .......... .......... 39%  121M 0s
   750K .......... .......... .......... .......... .......... 41%  126M 0s
   800K .......... .......... .......... .......... .......... 44% 97.9M 0s
   850K .......... .......... .......... .......... .......... 47% 8.26M 0s
   900K .......... .......... .......... .......... .......... 49%  106M 0s
   950K .......... .......... .......... .......... .......... 52%  125M 0s
  1000K .......... .......... .......... .......... .......... 55% 46.8M 0s
  1050K .......... .......... .......... .......... .......... 57%  343M 0s
  1100K .......... .......... .......... .......... .......... 60%  351M 0s
  1150K .......... .......... .......... .......... .......... 62%  104M 0s
  1200K .......... .......... .......... .......... .......... 65%  124M 0s
  1250K .......... .......... .......... .......... .......... 68% 97.9M 0s
  1300K .......... .......... .......... .......... .......... 70%  126M 0s
  1350K .......... .......... .......... .......... .......... 73%  120M 0s
  1400K .......... .......... .......... .......... .......... 75% 97.7M 0s
  1450K .......... .......... .......... .......... .......... 78%  121M 0s
  1500K .......... .......... .......... .......... .......... 81% 40.0M 0s
  1550K .......... .......... .......... .......... .......... 83%  316M 0s
  1600K .......... .......... .......... .......... .......... 86%  382M 0s
  1650K .......... .......... .......... .......... .......... 89%  168M 0s
  1700K .......... .......... .......... .......... .......... 91%  127M 0s
  1750K .......... .......... .......... .......... .......... 94% 22.3M 0s
  1800K .......... .......... .......... .......... .......... 96%  104M 0s
  1850K .......... .......... .......... .......... .......... 99%  122M 0s
  1900K ........                                              100% 76.1M=0.07s

2023-08-19 19:03:18 (28.7 MB/s) - ‘/hits/basement/sdbv/mobashgr/spert/scripts/data/datasets/ade/ade_full.json’ saved [1953871/1953871]

--2023-08-19 19:03:18--  http://lavis.cs.hs-rm.de/storage/spert/public/datasets/ade/ade_split_0_test.json
Reusing existing connection to lavis.cs.hs-rm.de:80.
HTTP request sent, awaiting response... 200 OK
Length: 191384 (187K) [application/json]
Saving to: ‘/hits/basement/sdbv/mobashgr/spert/scripts/data/datasets/ade/ade_split_0_test.json’

     0K .......... .......... .......... .......... .......... 26%  155M 0s
    50K .......... .......... .......... .......... .......... 53%  320M 0s
   100K .......... .......... .......... .......... .......... 80%  151M 0s
   150K .......... .......... .......... ......               100% 97.8M=0.001s

2023-08-19 19:03:18 (157 MB/s) - ‘/hits/basement/sdbv/mobashgr/spert/scripts/data/datasets/ade/ade_split_0_test.json’ saved [191384/191384]

--2023-08-19 19:03:18--  http://lavis.cs.hs-rm.de/storage/spert/public/datasets/ade/ade_split_0_train.json
Reusing existing connection to lavis.cs.hs-rm.de:80.
HTTP request sent, awaiting response... 200 OK
Length: 1762487 (1.7M) [application/json]
Saving to: ‘/hits/basement/sdbv/mobashgr/spert/scripts/data/datasets/ade/ade_split_0_train.json’

     0K .......... .......... .......... .......... ..........  2%  123M 0s
    50K .......... .......... .......... .......... ..........  5%  346M 0s
   100K .......... .......... .......... .......... ..........  8%  208M 0s
   150K .......... .......... .......... .......... .......... 11%  115M 0s
   200K .......... .......... .......... .......... .......... 14%  105M 0s
   250K .......... .......... .......... .......... .......... 17%  120M 0s
   300K .......... .......... .......... .......... .......... 20% 98.8M 0s
   350K .......... .......... .......... .......... .......... 23%  123M 0s
   400K .......... .......... .......... .......... .......... 26%  120M 0s
   450K .......... .......... .......... .......... .......... 29% 98.7M 0s
   500K .......... .......... .......... .......... .......... 31% 53.5M 0s
   550K .......... .......... .......... .......... .......... 34%  343M 0s
   600K .......... .......... .......... .......... .......... 37%  201M 0s
   650K .......... .......... .......... .......... .......... 40%  123M 0s
   700K .......... .......... .......... .......... .......... 43% 99.3M 0s
   750K .......... .......... .......... .......... .......... 46%  129M 0s
   800K .......... .......... .......... .......... .......... 49%  109M 0s
   850K .......... .......... .......... .......... .......... 52%  112M 0s
   900K .......... .......... .......... .......... .......... 55%  103M 0s
   950K .......... .......... .......... .......... .......... 58%  100M 0s
  1000K .......... .......... .......... .......... .......... 61% 54.0M 0s
  1050K .......... .......... .......... .......... .......... 63%  317M 0s
  1100K .......... .......... .......... .......... .......... 66%  208M 0s
  1150K .......... .......... .......... .......... .......... 69%  121M 0s
  1200K .......... .......... .......... .......... .......... 72%  126M 0s
  1250K .......... .......... .......... .......... .......... 75% 98.7M 0s
  1300K .......... .......... .......... .......... .......... 78%  119M 0s
  1350K .......... .......... .......... .......... .......... 81%  100M 0s
  1400K .......... .......... .......... .......... .......... 84%  122M 0s
  1450K .......... .......... .......... .......... .......... 87%  121M 0s
  1500K .......... .......... .......... .......... .......... 90% 48.6M 0s
  1550K .......... .......... .......... .......... .......... 92%  336M 0s
  1600K .......... .......... .......... .......... .......... 95%  287M 0s
  1650K .......... .......... .......... .......... .......... 98%  113M 0s
  1700K .......... .......... .                               100% 87.4M=0.01s

2023-08-19 19:03:18 (116 MB/s) - ‘/hits/basement/sdbv/mobashgr/spert/scripts/data/datasets/ade/ade_split_0_train.json’ saved [1762487/1762487]

--2023-08-19 19:03:18--  http://lavis.cs.hs-rm.de/storage/spert/public/datasets/ade/ade_split_1_test.json
Reusing existing connection to lavis.cs.hs-rm.de:80.
HTTP request sent, awaiting response... 200 OK
Length: 199949 (195K) [application/json]
Saving to: ‘/hits/basement/sdbv/mobashgr/spert/scripts/data/datasets/ade/ade_split_1_test.json’

     0K .......... .......... .......... .......... .......... 25%  118M 0s
    50K .......... .......... .......... .......... .......... 51%  322M 0s
   100K .......... .......... .......... .......... .......... 76%  353M 0s
   150K .......... .......... .......... .......... .....     100%  135M=0.001s

2023-08-19 19:03:18 (185 MB/s) - ‘/hits/basement/sdbv/mobashgr/spert/scripts/data/datasets/ade/ade_split_1_test.json’ saved [199949/199949]

--2023-08-19 19:03:18--  http://lavis.cs.hs-rm.de/storage/spert/public/datasets/ade/ade_split_1_train.json
Reusing existing connection to lavis.cs.hs-rm.de:80.
HTTP request sent, awaiting response... 200 OK
Length: 1753922 (1.7M) [application/json]
Saving to: ‘/hits/basement/sdbv/mobashgr/spert/scripts/data/datasets/ade/ade_split_1_train.json’

     0K .......... .......... .......... .......... ..........  2%  141M 0s
    50K .......... .......... .......... .......... ..........  5%  338M 0s
   100K .......... .......... .......... .......... ..........  8%  358M 0s
   150K .......... .......... .......... .......... .......... 11%  145M 0s
   200K .......... .......... .......... .......... .......... 14%  119M 0s
   250K .......... .......... .......... .......... .......... 17%  101M 0s
   300K .......... .......... .......... .......... .......... 20%  106M 0s
   350K .......... .......... .......... .......... .......... 23%  113M 0s
   400K .......... .......... .......... .......... .......... 26%  122M 0s
   450K .......... .......... .......... .......... .......... 29% 42.5M 0s
   500K .......... .......... .......... .......... .......... 32% 52.2M 0s
   550K .......... .......... .......... .......... .......... 35%  358M 0s
   600K .......... .......... .......... .......... .......... 37%  179M 0s
   650K .......... .......... .......... .......... .......... 40% 99.8M 0s
   700K .......... .......... .......... .......... .......... 43%  125M 0s
   750K .......... .......... .......... .......... .......... 46%  116M 0s
   800K .......... .......... .......... .......... .......... 49% 98.6M 0s
   850K .......... .......... .......... .......... .......... 52%  124M 0s
   900K .......... .......... .......... .......... .......... 55%  107M 0s
   950K .......... .......... .......... .......... .......... 58%  125M 0s
  1000K .......... .......... .......... .......... .......... 61% 48.9M 0s
  1050K .......... .......... .......... .......... .......... 64%  350M 0s
  1100K .......... .......... .......... .......... .......... 67%  347M 0s
  1150K .......... .......... .......... .......... .......... 70% 96.6M 0s
  1200K .......... .......... .......... .......... .......... 72%  124M 0s
  1250K .......... .......... .......... .......... .......... 75%  114M 0s
  1300K .......... .......... .......... .......... .......... 78%  101M 0s
  1350K .......... .......... .......... .......... .......... 81%  117M 0s
  1400K .......... .......... .......... .......... .......... 84%  120M 0s
  1450K .......... .......... .......... .......... .......... 87%  103M 0s
  1500K .......... .......... .......... .......... .......... 90% 44.1M 0s
  1550K .......... .......... .......... .......... .......... 93%  299M 0s
  1600K .......... .......... .......... .......... .......... 96%  366M 0s
  1650K .......... .......... .......... .......... .......... 99%  127M 0s
  1700K .......... ..                                         100%  411M=0.01s

2023-08-19 19:03:18 (112 MB/s) - ‘/hits/basement/sdbv/mobashgr/spert/scripts/data/datasets/ade/ade_split_1_train.json’ saved [1753922/1753922]

--2023-08-19 19:03:18--  http://lavis.cs.hs-rm.de/storage/spert/public/datasets/ade/ade_split_2_test.json
Reusing existing connection to lavis.cs.hs-rm.de:80.
HTTP request sent, awaiting response... 200 OK
Length: 195396 (191K) [application/json]
Saving to: ‘/hits/basement/sdbv/mobashgr/spert/scripts/data/datasets/ade/ade_split_2_test.json’

     0K .......... .......... .......... .......... .......... 26%  145M 0s
    50K .......... .......... .......... .......... .......... 52%  336M 0s
   100K .......... .......... .......... .......... .......... 78%  192M 0s
   150K .......... .......... .......... ..........           100%  109M=0.001s

2023-08-19 19:03:18 (169 MB/s) - ‘/hits/basement/sdbv/mobashgr/spert/scripts/data/datasets/ade/ade_split_2_test.json’ saved [195396/195396]

--2023-08-19 19:03:18--  http://lavis.cs.hs-rm.de/storage/spert/public/datasets/ade/ade_split_2_train.json
Reusing existing connection to lavis.cs.hs-rm.de:80.
HTTP request sent, awaiting response... 200 OK
Length: 1758475 (1.7M) [application/json]
Saving to: ‘/hits/basement/sdbv/mobashgr/spert/scripts/data/datasets/ade/ade_split_2_train.json’

     0K .......... .......... .......... .......... ..........  2%  131M 0s
    50K .......... .......... .......... .......... ..........  5%  285M 0s
   100K .......... .......... .......... .......... ..........  8%  347M 0s
   150K .......... .......... .......... .......... .......... 11%  124M 0s
   200K .......... .......... .......... .......... .......... 14%  124M 0s
   250K .......... .......... .......... .......... .......... 17%  103M 0s
   300K .......... .......... .......... .......... .......... 20%  130M 0s
   350K .......... .......... .......... .......... .......... 23% 99.1M 0s
   400K .......... .......... .......... .......... .......... 26%  121M 0s
   450K .......... .......... .......... .......... .......... 29% 98.8M 0s
   500K .......... .......... .......... .......... .......... 32% 78.6M 0s
   550K .......... .......... .......... .......... .......... 34%  172M 0s
   600K .......... .......... .......... .......... .......... 37%  124M 0s
   650K .......... .......... .......... .......... .......... 40%  123M 0s
   700K .......... .......... .......... .......... .......... 43% 94.3M 0s
   750K .......... .......... .......... .......... .......... 46%  128M 0s
   800K .......... .......... .......... .......... .......... 49%  109M 0s
   850K .......... .......... .......... .......... .......... 52%  115M 0s
   900K .......... .......... .......... .......... .......... 55%  104M 0s
   950K .......... .......... .......... .......... .......... 58%  125M 0s
  1000K .......... .......... .......... .......... .......... 61% 59.9M 0s
  1050K .......... .......... .......... .......... .......... 64%  338M 0s
  1100K .......... .......... .......... .......... .......... 66%  112M 0s
  1150K .......... .......... .......... .......... .......... 69%  111M 0s
  1200K .......... .......... .......... .......... .......... 72%  133M 0s
  1250K .......... .......... .......... .......... .......... 75%  113M 0s
  1300K .......... .......... .......... .......... .......... 78%  111M 0s
  1350K .......... .......... .......... .......... .......... 81% 99.8M 0s
  1400K .......... .......... .......... .......... .......... 84%  127M 0s
  1450K .......... .......... .......... .......... .......... 87% 95.4M 0s
  1500K .......... .......... .......... .......... .......... 90% 56.6M 0s
  1550K .......... .......... .......... .......... .......... 93%  351M 0s
  1600K .......... .......... .......... .......... .......... 96%  181M 0s
  1650K .......... .......... .......... .......... .......... 98%  128M 0s
  1700K .......... .......                                    100%  127M=0.01s

2023-08-19 19:03:18 (117 MB/s) - ‘/hits/basement/sdbv/mobashgr/spert/scripts/data/datasets/ade/ade_split_2_train.json’ saved [1758475/1758475]

--2023-08-19 19:03:18--  http://lavis.cs.hs-rm.de/storage/spert/public/datasets/ade/ade_split_3_test.json
Reusing existing connection to lavis.cs.hs-rm.de:80.
HTTP request sent, awaiting response... 200 OK
Length: 193817 (189K) [application/json]
Saving to: ‘/hits/basement/sdbv/mobashgr/spert/scripts/data/datasets/ade/ade_split_3_test.json’

     0K .......... .......... .......... .......... .......... 26%  150M 0s
    50K .......... .......... .......... .......... .......... 52%  371M 0s
   100K .......... .......... .......... .......... .......... 79%  120M 0s
   150K .......... .......... .......... .........            100%  154M=0.001s

2023-08-19 19:03:18 (166 MB/s) - ‘/hits/basement/sdbv/mobashgr/spert/scripts/data/datasets/ade/ade_split_3_test.json’ saved [193817/193817]

--2023-08-19 19:03:18--  http://lavis.cs.hs-rm.de/storage/spert/public/datasets/ade/ade_split_3_train.json
Reusing existing connection to lavis.cs.hs-rm.de:80.
HTTP request sent, awaiting response... 200 OK
Length: 1760054 (1.7M) [application/json]
Saving to: ‘/hits/basement/sdbv/mobashgr/spert/scripts/data/datasets/ade/ade_split_3_train.json’

     0K .......... .......... .......... .......... ..........  2%  115M 0s
    50K .......... .......... .......... .......... ..........  5%  319M 0s
   100K .......... .......... .......... .......... ..........  8%  306M 0s
   150K .......... .......... .......... .......... .......... 11%  139M 0s
   200K .......... .......... .......... .......... .......... 14% 95.4M 0s
   250K .......... .......... .......... .......... .......... 17%  124M 0s
   300K .......... .......... .......... .......... .......... 20%  127M 0s
   350K .......... .......... .......... .......... .......... 23%  107M 0s
   400K .......... .......... .......... .......... .......... 26%  101M 0s
   450K .......... .......... .......... .......... .......... 29%  108M 0s
   500K .......... .......... .......... .......... .......... 31% 86.4M 0s
   550K .......... .......... .......... .......... .......... 34%  203M 0s
   600K .......... .......... .......... .......... .......... 37% 99.0M 0s
   650K .......... .......... .......... .......... .......... 40%  118M 0s
   700K .......... .......... .......... .......... .......... 43%  124M 0s
   750K .......... .......... .......... .......... .......... 46% 97.1M 0s
   800K .......... .......... .......... .......... .......... 49%  124M 0s
   850K .......... .......... .......... .......... .......... 52%  116M 0s
   900K .......... .......... .......... .......... .......... 55%  111M 0s
   950K .......... .......... .......... .......... .......... 58%  115M 0s
  1000K .......... .......... .......... .......... .......... 61% 63.7M 0s
  1050K .......... .......... .......... .......... .......... 63%  265M 0s
  1100K .......... .......... .......... .......... .......... 66%  105M 0s
  1150K .......... .......... .......... .......... .......... 69%  130M 0s
  1200K .......... .......... .......... .......... .......... 72%  110M 0s
  1250K .......... .......... .......... .......... .......... 75%  105M 0s
  1300K .......... .......... .......... .......... .......... 78%  137M 0s
  1350K .......... .......... .......... .......... .......... 81% 98.7M 0s
  1400K .......... .......... .......... .......... .......... 84%  123M 0s
  1450K .......... .......... .......... .......... .......... 87% 99.4M 0s
  1500K .......... .......... .......... .......... .......... 90% 64.4M 0s
  1550K .......... .......... .......... .......... .......... 93%  324M 0s
  1600K .......... .......... .......... .......... .......... 95%  122M 0s
  1650K .......... .......... .......... .......... .......... 98%  126M 0s
  1700K .......... ........                                   100%  135M=0.01s

2023-08-19 19:03:18 (117 MB/s) - ‘/hits/basement/sdbv/mobashgr/spert/scripts/data/datasets/ade/ade_split_3_train.json’ saved [1760054/1760054]

--2023-08-19 19:03:18--  http://lavis.cs.hs-rm.de/storage/spert/public/datasets/ade/ade_split_4_test.json
Reusing existing connection to lavis.cs.hs-rm.de:80.
HTTP request sent, awaiting response... 200 OK
Length: 189018 (185K) [application/json]
Saving to: ‘/hits/basement/sdbv/mobashgr/spert/scripts/data/datasets/ade/ade_split_4_test.json’

     0K .......... .......... .......... .......... .......... 27%  109M 0s
    50K .......... .......... .......... .......... .......... 54%  347M 0s
   100K .......... .......... .......... .......... .......... 81%  200M 0s
   150K .......... .......... .......... ....                 100% 95.3M=0.001s

2023-08-19 19:03:18 (152 MB/s) - ‘/hits/basement/sdbv/mobashgr/spert/scripts/data/datasets/ade/ade_split_4_test.json’ saved [189018/189018]

--2023-08-19 19:03:18--  http://lavis.cs.hs-rm.de/storage/spert/public/datasets/ade/ade_split_4_train.json
Reusing existing connection to lavis.cs.hs-rm.de:80.
HTTP request sent, awaiting response... 200 OK
Length: 1764853 (1.7M) [application/json]
Saving to: ‘/hits/basement/sdbv/mobashgr/spert/scripts/data/datasets/ade/ade_split_4_train.json’

     0K .......... .......... .......... .......... ..........  2% 96.1M 0s
    50K .......... .......... .......... .......... ..........  5%  324M 0s
   100K .......... .......... .......... .......... ..........  8%  351M 0s
   150K .......... .......... .......... .......... .......... 11%  341M 0s
   200K .......... .......... .......... .......... .......... 14%  206M 0s
   250K .......... .......... .......... .......... .......... 17%  113M 0s
   300K .......... .......... .......... .......... .......... 20%  105M 0s
   350K .......... .......... .......... .......... .......... 23%  123M 0s
   400K .......... .......... .......... .......... .......... 26%  107M 0s
   450K .......... .......... .......... .......... .......... 29%  113M 0s
   500K .......... .......... .......... .......... .......... 31% 61.0M 0s
   550K .......... .......... .......... .......... .......... 34%  320M 0s
   600K .......... .......... .......... .......... .......... 37%  125M 0s
   650K .......... .......... .......... .......... .......... 40%  118M 0s
   700K .......... .......... .......... .......... .......... 43%  117M 0s
   750K .......... .......... .......... .......... .......... 46% 99.2M 0s
   800K .......... .......... .......... .......... .......... 49%  133M 0s
   850K .......... .......... .......... .......... .......... 52%  102M 0s
   900K .......... .......... .......... .......... .......... 55%  121M 0s
   950K .......... .......... .......... .......... .......... 58% 99.8M 0s
  1000K .......... .......... .......... .......... .......... 60% 68.2M 0s
  1050K .......... .......... .......... .......... .......... 63%  305M 0s
  1100K .......... .......... .......... .......... .......... 66%  137M 0s
  1150K .......... .......... .......... .......... .......... 69%  108M 0s
  1200K .......... .......... .......... .......... .......... 72%  105M 0s
  1250K .......... .......... .......... .......... .......... 75%  120M 0s
  1300K .......... .......... .......... .......... .......... 78%  110M 0s
  1350K .......... .......... .......... .......... .......... 81%  115M 0s
  1400K .......... .......... .......... .......... .......... 84%  105M 0s
  1450K .......... .......... .......... .......... .......... 87%  104M 0s
  1500K .......... .......... .......... .......... .......... 89% 64.8M 0s
  1550K .......... .......... .......... .......... .......... 92%  286M 0s
  1600K .......... .......... .......... .......... .......... 95%  142M 0s
  1650K .......... .......... .......... .......... .......... 98% 99.9M 0s
  1700K .......... .......... ...                             100%  152M=0.01s

2023-08-19 19:03:18 (120 MB/s) - ‘/hits/basement/sdbv/mobashgr/spert/scripts/data/datasets/ade/ade_split_4_train.json’ saved [1764853/1764853]

--2023-08-19 19:03:18--  http://lavis.cs.hs-rm.de/storage/spert/public/datasets/ade/ade_split_5_test.json
Reusing existing connection to lavis.cs.hs-rm.de:80.
HTTP request sent, awaiting response... 200 OK
Length: 202173 (197K) [application/json]
Saving to: ‘/hits/basement/sdbv/mobashgr/spert/scripts/data/datasets/ade/ade_split_5_test.json’

     0K .......... .......... .......... .......... .......... 25%  103M 0s
    50K .......... .......... .......... .......... .......... 50%  291M 0s
   100K .......... .......... .......... .......... .......... 75%  291M 0s
   150K .......... .......... .......... .......... .......   100%  196M=0.001s

2023-08-19 19:03:18 (184 MB/s) - ‘/hits/basement/sdbv/mobashgr/spert/scripts/data/datasets/ade/ade_split_5_test.json’ saved [202173/202173]

--2023-08-19 19:03:18--  http://lavis.cs.hs-rm.de/storage/spert/public/datasets/ade/ade_split_5_train.json
Reusing existing connection to lavis.cs.hs-rm.de:80.
HTTP request sent, awaiting response... 200 OK
Length: 1751698 (1.7M) [application/json]
Saving to: ‘/hits/basement/sdbv/mobashgr/spert/scripts/data/datasets/ade/ade_split_5_train.json’

     0K .......... .......... .......... .......... ..........  2%  142M 0s
    50K .......... .......... .......... .......... ..........  5%  308M 0s
   100K .......... .......... .......... .......... ..........  8%  288M 0s
   150K .......... .......... .......... .......... .......... 11%  172M 0s
   200K .......... .......... .......... .......... .......... 14%  117M 0s
   250K .......... .......... .......... .......... .......... 17%  112M 0s
   300K .......... .......... .......... .......... .......... 20%  101M 0s
   350K .......... .......... .......... .......... .......... 23%  114M 0s
   400K .......... .......... .......... .......... .......... 26%  125M 0s
   450K .......... .......... .......... .......... .......... 29% 98.5M 0s
   500K .......... .......... .......... .......... .......... 32% 68.4M 0s
   550K .......... .......... .......... .......... .......... 35%  257M 0s
   600K .......... .......... .......... .......... .......... 37%  128M 0s
   650K .......... .......... .......... .......... .......... 40%  110M 0s
   700K .......... .......... .......... .......... .......... 43%  136M 0s
   750K .......... .......... .......... .......... .......... 46% 97.4M 0s
   800K .......... .......... .......... .......... .......... 49%  109M 0s
   850K .......... .......... .......... .......... .......... 52%  107M 0s
   900K .......... .......... .......... .......... .......... 55%  119M 0s
   950K .......... .......... .......... .......... .......... 58% 99.6M 0s
  1000K .......... .......... .......... .......... .......... 61% 71.3M 0s
  1050K .......... .......... .......... .......... .......... 64%  282M 0s
  1100K .......... .......... .......... .......... .......... 67%  113M 0s
  1150K .......... .......... .......... .......... .......... 70%  115M 0s
  1200K .......... .......... .......... .......... .......... 73%  119M 0s
  1250K .......... .......... .......... .......... .......... 75%  101M 0s
  1300K .......... .......... .......... .......... .......... 78%  124M 0s
  1350K .......... .......... .......... .......... .......... 81%  109M 0s
  1400K .......... .......... .......... .......... .......... 84%  106M 0s
  1450K .......... .......... .......... .......... .......... 87%  122M 0s
  1500K .......... .......... .......... .......... .......... 90% 57.3M 0s
  1550K .......... .......... .......... .......... .......... 93%  284M 0s
  1600K .......... .......... .......... .......... .......... 96%  152M 0s
  1650K .......... .......... .......... .......... .......... 99%  106M 0s
  1700K ..........                                            100%  367M=0.01s

2023-08-19 19:03:18 (118 MB/s) - ‘/hits/basement/sdbv/mobashgr/spert/scripts/data/datasets/ade/ade_split_5_train.json’ saved [1751698/1751698]

--2023-08-19 19:03:18--  http://lavis.cs.hs-rm.de/storage/spert/public/datasets/ade/ade_split_6_test.json
Reusing existing connection to lavis.cs.hs-rm.de:80.
HTTP request sent, awaiting response... 200 OK
Length: 193127 (189K) [application/json]
Saving to: ‘/hits/basement/sdbv/mobashgr/spert/scripts/data/datasets/ade/ade_split_6_test.json’

     0K .......... .......... .......... .......... .......... 26%  151M 0s
    50K .......... .......... .......... .......... .......... 53%  316M 0s
   100K .......... .......... .......... .......... .......... 79%  149M 0s
   150K .......... .......... .......... ........             100%  104M=0.001s

2023-08-19 19:03:18 (158 MB/s) - ‘/hits/basement/sdbv/mobashgr/spert/scripts/data/datasets/ade/ade_split_6_test.json’ saved [193127/193127]

--2023-08-19 19:03:18--  http://lavis.cs.hs-rm.de/storage/spert/public/datasets/ade/ade_split_6_train.json
Reusing existing connection to lavis.cs.hs-rm.de:80.
HTTP request sent, awaiting response... 200 OK
Length: 1760744 (1.7M) [application/json]
Saving to: ‘/hits/basement/sdbv/mobashgr/spert/scripts/data/datasets/ade/ade_split_6_train.json’

     0K .......... .......... .......... .......... ..........  2%  113M 0s
    50K .......... .......... .......... .......... ..........  5%  320M 0s
   100K .......... .......... .......... .......... ..........  8%  326M 0s
   150K .......... .......... .......... .......... .......... 11%  121M 0s
   200K .......... .......... .......... .......... .......... 14%  108M 0s
   250K .......... .......... .......... .......... .......... 17%  110M 0s
   300K .......... .......... .......... .......... .......... 20%  106M 0s
   350K .......... .......... .......... .......... .......... 23%  103M 0s
   400K .......... .......... .......... .......... .......... 26%  119M 0s
   450K .......... .......... .......... .......... .......... 29%  124M 0s
   500K .......... .......... .......... .......... .......... 31% 45.2M 0s
   550K .......... .......... .......... .......... .......... 34%  352M 0s
   600K .......... .......... .......... .......... .......... 37%  276M 0s
   650K .......... .......... .......... .......... .......... 40%  126M 0s
   700K .......... .......... .......... .......... .......... 43%  120M 0s
   750K .......... .......... .......... .......... .......... 46%  111M 0s
   800K .......... .......... .......... .......... .......... 49%  120M 0s
   850K .......... .......... .......... .......... .......... 52% 90.3M 0s
   900K .......... .......... .......... .......... .......... 55%  131M 0s
   950K .......... .......... .......... .......... .......... 58%  102M 0s
  1000K .......... .......... .......... .......... .......... 61% 61.2M 0s
  1050K .......... .......... .......... .......... .......... 63%  344M 0s
  1100K .......... .......... .......... .......... .......... 66%  136M 0s
  1150K .......... .......... .......... .......... .......... 69%  121M 0s
  1200K .......... .......... .......... .......... .......... 72% 98.9M 0s
  1250K .......... .......... .......... .......... .......... 75%  119M 0s
  1300K .......... .......... .......... .......... .......... 78%  127M 0s
  1350K .......... .......... .......... .......... .......... 81%  100M 0s
  1400K .......... .......... .......... .......... .......... 84%  122M 0s
  1450K .......... .......... .......... .......... .......... 87%  113M 0s
  1500K .......... .......... .......... .......... .......... 90% 58.2M 0s
  1550K .......... .......... .......... .......... .......... 93%  326M 0s
  1600K .......... .......... .......... .......... .......... 95%  142M 0s
  1650K .......... .......... .......... .......... .......... 98%  100M 0s
  1700K .......... .........                                  100%  148M=0.01s

2023-08-19 19:03:18 (116 MB/s) - ‘/hits/basement/sdbv/mobashgr/spert/scripts/data/datasets/ade/ade_split_6_train.json’ saved [1760744/1760744]

--2023-08-19 19:03:18--  http://lavis.cs.hs-rm.de/storage/spert/public/datasets/ade/ade_split_7_test.json
Reusing existing connection to lavis.cs.hs-rm.de:80.
HTTP request sent, awaiting response... 200 OK
Length: 196119 (192K) [application/json]
Saving to: ‘/hits/basement/sdbv/mobashgr/spert/scripts/data/datasets/ade/ade_split_7_test.json’

     0K .......... .......... .......... .......... .......... 26%  135M 0s
    50K .......... .......... .......... .......... .......... 52%  345M 0s
   100K .......... .......... .......... .......... .......... 78%  109M 0s
   150K .......... .......... .......... .......... .         100% 83.5M=0.001s

2023-08-19 19:03:18 (130 MB/s) - ‘/hits/basement/sdbv/mobashgr/spert/scripts/data/datasets/ade/ade_split_7_test.json’ saved [196119/196119]

--2023-08-19 19:03:18--  http://lavis.cs.hs-rm.de/storage/spert/public/datasets/ade/ade_split_7_train.json
Reusing existing connection to lavis.cs.hs-rm.de:80.
HTTP request sent, awaiting response... 200 OK
Length: 1757752 (1.7M) [application/json]
Saving to: ‘/hits/basement/sdbv/mobashgr/spert/scripts/data/datasets/ade/ade_split_7_train.json’

     0K .......... .......... .......... .......... ..........  2%  106M 0s
    50K .......... .......... .......... .......... ..........  5%  367M 0s
   100K .......... .......... .......... .......... ..........  8%  319M 0s
   150K .......... .......... .......... .......... .......... 11%  167M 0s
   200K .......... .......... .......... .......... .......... 14%  130M 0s
   250K .......... .......... .......... .......... .......... 17% 93.7M 0s
   300K .......... .......... .......... .......... .......... 20%  126M 0s
   350K .......... .......... .......... .......... .......... 23% 96.9M 0s
   400K .......... .......... .......... .......... .......... 26%  129M 0s
   450K .......... .......... .......... .......... .......... 29%  115M 0s
   500K .......... .......... .......... .......... .......... 32% 58.4M 0s
   550K .......... .......... .......... .......... .......... 34%  269M 0s
   600K .......... .......... .......... .......... .......... 37%  132M 0s
   650K .......... .......... .......... .......... .......... 40%  125M 0s
   700K .......... .......... .......... .......... .......... 43%  115M 0s
   750K .......... .......... .......... .......... .......... 46%  113M 0s
   800K .......... .......... .......... .......... .......... 49%  108M 0s
   850K .......... .......... .......... .......... .......... 52%  122M 0s
   900K .......... .......... .......... .......... .......... 55%  108M 0s
   950K .......... .......... .......... .......... .......... 58%  116M 0s
  1000K .......... .......... .......... .......... .......... 61% 56.5M 0s
  1050K .......... .......... .......... .......... .......... 64%  395M 0s
  1100K .......... .......... .......... .......... .......... 66%  160M 0s
  1150K .......... .......... .......... .......... .......... 69% 98.8M 0s
  1200K .......... .......... .......... .......... .......... 72%  121M 0s
  1250K .......... .......... .......... .......... .......... 75% 97.7M 0s
  1300K .......... .......... .......... .......... .......... 78%  127M 0s
  1350K .......... .......... .......... .......... .......... 81%  119M 0s
  1400K .......... .......... .......... .......... .......... 84% 99.3M 0s
  1450K .......... .......... .......... .......... .......... 87%  119M 0s
  1500K .......... .......... .......... .......... .......... 90% 63.4M 0s
  1550K .......... .......... .......... .......... .......... 93%  316M 0s
  1600K .......... .......... .......... .......... .......... 96%  130M 0s
  1650K .......... .......... .......... .......... .......... 99%  106M 0s
  1700K .......... ......                                     100%  130M=0.01s

2023-08-19 19:03:18 (118 MB/s) - ‘/hits/basement/sdbv/mobashgr/spert/scripts/data/datasets/ade/ade_split_7_train.json’ saved [1757752/1757752]

--2023-08-19 19:03:18--  http://lavis.cs.hs-rm.de/storage/spert/public/datasets/ade/ade_split_8_test.json
Reusing existing connection to lavis.cs.hs-rm.de:80.
HTTP request sent, awaiting response... 200 OK
Length: 198533 (194K) [application/json]
Saving to: ‘/hits/basement/sdbv/mobashgr/spert/scripts/data/datasets/ade/ade_split_8_test.json’

     0K .......... .......... .......... .......... .......... 25%  114M 0s
    50K .......... .......... .......... .......... .......... 51%  298M 0s
   100K .......... .......... .......... .......... .......... 77%  297M 0s
   150K .......... .......... .......... .......... ...       100%  111M=0.001s

2023-08-19 19:03:18 (166 MB/s) - ‘/hits/basement/sdbv/mobashgr/spert/scripts/data/datasets/ade/ade_split_8_test.json’ saved [198533/198533]

--2023-08-19 19:03:18--  http://lavis.cs.hs-rm.de/storage/spert/public/datasets/ade/ade_split_8_train.json
Reusing existing connection to lavis.cs.hs-rm.de:80.
HTTP request sent, awaiting response... 200 OK
Length: 1755338 (1.7M) [application/json]
Saving to: ‘/hits/basement/sdbv/mobashgr/spert/scripts/data/datasets/ade/ade_split_8_train.json’

     0K .......... .......... .......... .......... ..........  2%  107M 0s
    50K .......... .......... .......... .......... ..........  5%  327M 0s
   100K .......... .......... .......... .......... ..........  8%  339M 0s
   150K .......... .......... .......... .......... .......... 11%  144M 0s
   200K .......... .......... .......... .......... .......... 14%  103M 0s
   250K .......... .......... .......... .......... .......... 17%  120M 0s
   300K .......... .......... .......... .......... .......... 20% 98.1M 0s
   350K .......... .......... .......... .......... .......... 23%  119M 0s
   400K .......... .......... .......... .......... .......... 26%  113M 0s
   450K .......... .......... .......... .......... .......... 29%  123M 0s
   500K .......... .......... .......... .......... .......... 32% 71.8M 0s
   550K .......... .......... .......... .......... .......... 35%  190M 0s
   600K .......... .......... .......... .......... .......... 37%  118M 0s
   650K .......... .......... .......... .......... .......... 40% 98.9M 0s
   700K .......... .......... .......... .......... .......... 43%  122M 0s
   750K .......... .......... .......... .......... .......... 46%  123M 0s
   800K .......... .......... .......... .......... .......... 49% 99.9M 0s
   850K .......... .......... .......... .......... .......... 52%  118M 0s
   900K .......... .......... .......... .......... .......... 55%  101M 0s
   950K .......... .......... .......... .......... .......... 58%  123M 0s
  1000K .......... .......... .......... .......... .......... 61% 67.3M 0s
  1050K .......... .......... .......... .......... .......... 64%  334M 0s
  1100K .......... .......... .......... .......... .......... 67%  115M 0s
  1150K .......... .......... .......... .......... .......... 70%  103M 0s
  1200K .......... .......... .......... .......... .......... 72%  117M 0s
  1250K .......... .......... .......... .......... .......... 75%  103M 0s
  1300K .......... .......... .......... .......... .......... 78%  123M 0s
  1350K .......... .......... .......... .......... .......... 81%  121M 0s
  1400K .......... .......... .......... .......... .......... 84%  102M 0s
  1450K .......... .......... .......... .......... .......... 87%  121M 0s
  1500K .......... .......... .......... .......... .......... 90% 52.1M 0s
  1550K .......... .......... .......... .......... .......... 93%  325M 0s
  1600K .......... .......... .......... .......... .......... 96%  226M 0s
  1650K .......... .......... .......... .......... .......... 99% 95.6M 0s
  1700K .......... ....                                       100%  117M=0.01s

2023-08-19 19:03:18 (116 MB/s) - ‘/hits/basement/sdbv/mobashgr/spert/scripts/data/datasets/ade/ade_split_8_train.json’ saved [1755338/1755338]

--2023-08-19 19:03:18--  http://lavis.cs.hs-rm.de/storage/spert/public/datasets/ade/ade_split_9_test.json
Reusing existing connection to lavis.cs.hs-rm.de:80.
HTTP request sent, awaiting response... 200 OK
Length: 194355 (190K) [application/json]
Saving to: ‘/hits/basement/sdbv/mobashgr/spert/scripts/data/datasets/ade/ade_split_9_test.json’

     0K .......... .......... .......... .......... .......... 26%  141M 0s
    50K .......... .......... .......... .......... .......... 52%  307M 0s
   100K .......... .......... .......... .......... .......... 79%  157M 0s
   150K .......... .......... .......... .........            100%  111M=0.001s

2023-08-19 19:03:18 (159 MB/s) - ‘/hits/basement/sdbv/mobashgr/spert/scripts/data/datasets/ade/ade_split_9_test.json’ saved [194355/194355]

--2023-08-19 19:03:18--  http://lavis.cs.hs-rm.de/storage/spert/public/datasets/ade/ade_split_9_train.json
Reusing existing connection to lavis.cs.hs-rm.de:80.
HTTP request sent, awaiting response... 200 OK
Length: 1759516 (1.7M) [application/json]
Saving to: ‘/hits/basement/sdbv/mobashgr/spert/scripts/data/datasets/ade/ade_split_9_train.json’

     0K .......... .......... .......... .......... ..........  2%  137M 0s
    50K .......... .......... .......... .......... ..........  5%  312M 0s
   100K .......... .......... .......... .......... ..........  8%  198M 0s
   150K .......... .......... .......... .......... .......... 11%  106M 0s
   200K .......... .......... .......... .......... .......... 14%  122M 0s
   250K .......... .......... .......... .......... .......... 17%  108M 0s
   300K .......... .......... .......... .......... .......... 20%  101M 0s
   350K .......... .......... .......... .......... .......... 23%  126M 0s
   400K .......... .......... .......... .......... .......... 26%  118M 0s
   450K .......... .......... .......... .......... .......... 29%  100M 0s
   500K .......... .......... .......... .......... .......... 32% 71.0M 0s
   550K .......... .......... .......... .......... .......... 34%  225M 0s
   600K .......... .......... .......... .......... .......... 37%  126M 0s
   650K .......... .......... .......... .......... .......... 40%  120M 0s
   700K .......... .......... .......... .......... .......... 43%  101M 0s
   750K .......... .......... .......... .......... .......... 46%  120M 0s
   800K .......... .......... .......... .......... .......... 49%  123M 0s
   850K .......... .......... .......... .......... .......... 52%  107M 0s
   900K .......... .......... .......... .......... .......... 55%  100M 0s
   950K .......... .......... .......... .......... .......... 58%  119M 0s
  1000K .......... .......... .......... .......... .......... 61% 63.4M 0s
  1050K .......... .......... .......... .......... .......... 64%  272M 0s
  1100K .......... .......... .......... .......... .......... 66%  144M 0s
  1150K .......... .......... .......... .......... .......... 69%  100M 0s
  1200K .......... .......... .......... .......... .......... 72%  109M 0s
  1250K .......... .......... .......... .......... .......... 75%  134M 0s
  1300K .......... .......... .......... .......... .......... 78%  103M 0s
  1350K .......... .......... .......... .......... .......... 81%  119M 0s
  1400K .......... .......... .......... .......... .......... 84% 99.4M 0s
  1450K .......... .......... .......... .......... .......... 87%  122M 0s
  1500K .......... .......... .......... .......... .......... 90% 57.7M 0s
  1550K .......... .......... .......... .......... .......... 93%  346M 0s
  1600K .......... .......... .......... .......... .......... 96%  153M 0s
  1650K .......... .......... .......... .......... .......... 98% 99.6M 0s
  1700K .......... ........                                   100%  160M=0.01s

2023-08-19 19:03:18 (116 MB/s) - ‘/hits/basement/sdbv/mobashgr/spert/scripts/data/datasets/ade/ade_split_9_train.json’ saved [1759516/1759516]

--2023-08-19 19:03:18--  http://lavis.cs.hs-rm.de/storage/spert/public/datasets/ade/ade_types.json
Reusing existing connection to lavis.cs.hs-rm.de:80.
HTTP request sent, awaiting response... 200 OK
Length: 225 [application/json]
Saving to: ‘/hits/basement/sdbv/mobashgr/spert/scripts/data/datasets/ade/ade_types.json’

     0K                                                       100% 18.7M=0s

2023-08-19 19:03:18 (18.7 MB/s) - ‘/hits/basement/sdbv/mobashgr/spert/scripts/data/datasets/ade/ade_types.json’ saved [225/225]

--2023-08-19 19:03:18--  http://lavis.cs.hs-rm.de/storage/spert/public/datasets/ade/?C=N;O=A
Reusing existing connection to lavis.cs.hs-rm.de:80.
HTTP request sent, awaiting response... 200 OK
Length: 5726 (5.6K) [text/html]
Saving to: ‘/hits/basement/sdbv/mobashgr/spert/scripts/data/datasets/ade/index.html?C=N;O=A’

     0K .....                                                 100%  399M=0s

2023-08-19 19:03:18 (399 MB/s) - ‘/hits/basement/sdbv/mobashgr/spert/scripts/data/datasets/ade/index.html?C=N;O=A’ saved [5726/5726]

Removing /hits/basement/sdbv/mobashgr/spert/scripts/data/datasets/ade/index.html?C=N;O=A since it should be rejected.

--2023-08-19 19:03:18--  http://lavis.cs.hs-rm.de/storage/spert/public/datasets/ade/?C=M;O=D
Reusing existing connection to lavis.cs.hs-rm.de:80.
HTTP request sent, awaiting response... 200 OK
Length: 5726 (5.6K) [text/html]
Saving to: ‘/hits/basement/sdbv/mobashgr/spert/scripts/data/datasets/ade/index.html?C=M;O=D’

     0K .....                                                 100%  391M=0s

2023-08-19 19:03:18 (391 MB/s) - ‘/hits/basement/sdbv/mobashgr/spert/scripts/data/datasets/ade/index.html?C=M;O=D’ saved [5726/5726]

Removing /hits/basement/sdbv/mobashgr/spert/scripts/data/datasets/ade/index.html?C=M;O=D since it should be rejected.

--2023-08-19 19:03:18--  http://lavis.cs.hs-rm.de/storage/spert/public/datasets/ade/?C=S;O=D
Reusing existing connection to lavis.cs.hs-rm.de:80.
HTTP request sent, awaiting response... 200 OK
Length: 5726 (5.6K) [text/html]
Saving to: ‘/hits/basement/sdbv/mobashgr/spert/scripts/data/datasets/ade/index.html?C=S;O=D’

     0K .....                                                 100%  385M=0s

2023-08-19 19:03:19 (385 MB/s) - ‘/hits/basement/sdbv/mobashgr/spert/scripts/data/datasets/ade/index.html?C=S;O=D’ saved [5726/5726]

Removing /hits/basement/sdbv/mobashgr/spert/scripts/data/datasets/ade/index.html?C=S;O=D since it should be rejected.

--2023-08-19 19:03:19--  http://lavis.cs.hs-rm.de/storage/spert/public/datasets/ade/?C=D;O=D
Reusing existing connection to lavis.cs.hs-rm.de:80.
HTTP request sent, awaiting response... 200 OK
Length: 5726 (5.6K) [text/html]
Saving to: ‘/hits/basement/sdbv/mobashgr/spert/scripts/data/datasets/ade/index.html?C=D;O=D’

     0K .....                                                 100%  400M=0s

2023-08-19 19:03:19 (400 MB/s) - ‘/hits/basement/sdbv/mobashgr/spert/scripts/data/datasets/ade/index.html?C=D;O=D’ saved [5726/5726]

Removing /hits/basement/sdbv/mobashgr/spert/scripts/data/datasets/ade/index.html?C=D;O=D since it should be rejected.

FINISHED --2023-08-19 19:03:19--
Total wall clock time: 1.8s
Downloaded: 31 files, 21M in 0.2s (93.1 MB/s)
